#
# A fatal error has been detected by the Java Runtime Environment:
#
#  Internal Error (javaClasses.cpp:136), pid=164700, tid=164724
#  fatal error: Invalid layout of preloaded class
#
# JRE version:  (7.0_51-b13) (build )
# Java VM: Java HotSpot(TM) Client VM (24.51-b03 mixed mode windows-x86 )
# Failed to write core dump. Minidumps are not enabled by default on client versions of Windows
#
# If you would like to submit a bug report, please visit:
#   http://bugreport.sun.com/bugreport/crash.jsp
#

---------------  T H R E A D  ---------------

Current thread (0x000ec000):  JavaThread "Unknown thread" [_thread_in_vm, id=164724, stack(0x00ad0000,0x00b20000)]

Stack: [0x00ad0000,0x00b20000],  sp=0x00b1fa9c,  free space=318k
Native frames: (J=compiled Java code, j=interpreted, Vv=VM code, C=native code)
V  [jvm.dll+0x18e0f1]
V  [jvm.dll+0x187e66]
V  [jvm.dll+0x3586a]
V  [jvm.dll+0x358f6]
V  [jvm.dll+0x4400d]
V  [jvm.dll+0x442be]
V  [jvm.dll+0x9263a]
V  [jvm.dll+0x929eb]
V  [jvm.dll+0x13dc51]
V  [jvm.dll+0x16076c]
V  [jvm.dll+0xc8ebf]
C  [javaw.exe+0x13ce]
C  [javaw.exe+0x1e40]
C  [javaw.exe+0xa5b1]
C  [javaw.exe+0xa63b]
C  [kernel32.dll+0x4ed5c]
C  [ntdll.dll+0x637fb]
C  [ntdll.dll+0x637ce]


---------------  P R O C E S S  ---------------

Java Threads: ( => current thread )

Other Threads:

=>0x000ec000 (exited) JavaThread "Unknown thread" [_thread_in_vm, id=164724, stack(0x00ad0000,0x00b20000)]

VM state:not at safepoint (not fully initialized)

VM Mutex/Monitor currently owned by a thread: None

GC Heap History (0 events):
No events

Deoptimization events (0 events):
No events

Internal exceptions (0 events):
No events

Events (10 events):
Event: 0.005 loading class 0x009d8ca8 done
Event: 0.005 loading class 0x009d8738 done
Event: 0.005 loading class 0x009d8718
Event: 0.005 loading class 0x009dfa40
Event: 0.005 loading class 0x009dfa40 done
Event: 0.006 loading class 0x009dfa70
Event: 0.006 loading class 0x009dfa70 done
Event: 0.006 loading class 0x009dfaa0
Event: 0.006 loading class 0x009dfaa0 done
Event: 0.006 loading class 0x009d8718 done


Dynamic libraries:
0x010d0000 - 0x010ff000 	C:\Program Files\Java\jre7\bin\javaw.exe
0x77180000 - 0x772bd000 	C:\Windows\SYSTEM32\ntdll.dll
0x765d0000 - 0x766a4000 	C:\Windows\system32\kernel32.dll
0x75250000 - 0x7529b000 	C:\Windows\system32\KERNELBASE.dll
0x770d0000 - 0x77170000 	C:\Windows\system32\ADVAPI32.dll
0x76370000 - 0x7641c000 	C:\Windows\system32\msvcrt.dll
0x76140000 - 0x76159000 	C:\Windows\SYSTEM32\sechost.dll
0x76b90000 - 0x76c32000 	C:\Windows\system32\RPCRT4.dll
0x76790000 - 0x76859000 	C:\Windows\system32\USER32.dll
0x766b0000 - 0x766fe000 	C:\Windows\system32\GDI32.dll
0x76780000 - 0x7678a000 	C:\Windows\system32\LPK.dll
0x769c0000 - 0x76a5d000 	C:\Windows\system32\USP10.dll
0x73db0000 - 0x73f4e000 	C:\Windows\WinSxS\x86_microsoft.windows.common-controls_6595b64144ccf1df_6.0.7601.17514_none_41e6975e2bd6f2b2\COMCTL32.dll
0x76570000 - 0x765c7000 	C:\Windows\system32\SHLWAPI.dll
0x772c0000 - 0x772df000 	C:\Windows\system32\IMM32.DLL
0x772e0000 - 0x773ac000 	C:\Windows\system32\MSCTF.dll
0x51120000 - 0x511df000 	C:\Program Files\Java\jre7\bin\msvcr100.dll
0x6e500000 - 0x6e880000 	C:\Program Files\Java\jre7\bin\client\jvm.dll
0x69840000 - 0x69847000 	C:\Windows\system32\WSOCK32.dll
0x76330000 - 0x76365000 	C:\Windows\system32\WS2_32.dll
0x770c0000 - 0x770c6000 	C:\Windows\system32\NSI.dll
0x73630000 - 0x73662000 	C:\Windows\system32\WINMM.dll
0x77170000 - 0x77175000 	C:\Windows\system32\PSAPI.DLL
0x6ad00000 - 0x6ad0c000 	C:\Program Files\Java\jre7\bin\verify.dll
0x55030000 - 0x55050000 	C:\Program Files\Java\jre7\bin\java.dll
0x54370000 - 0x54383000 	C:\Program Files\Java\jre7\bin\zip.dll
0x70b00000 - 0x70beb000 	C:\Windows\system32\dbghelp.dll

VM Arguments:
jvm_args: -Dfile.encoding=Cp1252 -Xbootclasspath:G:\Programas\Android\sdk\platforms\android-19\android.jar 
java_command: br.com.fiap.pizza.PizzaDAO
Launcher Type: SUN_STANDARD

Environment Variables:
PATH=C:/Program Files/Java/jre7/bin/client;C:/Program Files/Java/jre7/bin;C:/Program Files/Java/jre7/lib/i386;C:\Program Files\Common Files\Microsoft Shared\Windows Live;C:\Windows\system32;C:\Windows;C:\Windows\System32\Wbem;C:\Windows\System32\WindowsPowerShell\v1.0\;C:\Program Files\ATI Technologies\ATI.ACE\Core-Static;C:\Program Files\Windows Live\Shared;G:\Programas\Android\eclipse;
USERNAME=lala
OS=Windows_NT
PROCESSOR_IDENTIFIER=x86 Family 6 Model 42 Stepping 7, GenuineIntel



---------------  S Y S T E M  ---------------

OS: Windows 7 Build 7601 Service Pack 1

CPU:total 4 (4 cores per cpu, 1 threads per core) family 6 model 42 stepping 7, cmov, cx8, fxsr, mmx, sse, sse2, sse3, ssse3, sse4.1, sse4.2, popcnt, avx, aes, tsc, tscinvbit

Memory: 4k page, physical 3661304k(922556k free), swap 7320864k(2829380k free)

vm_info: Java HotSpot(TM) Client VM (24.51-b03) for windows-x86 JRE (1.7.0_51-b13), built on Dec 18 2013 19:09:58 by "java_re" with unknown MS VC++:1600

time: Sat Mar 29 03:05:09 2014
elapsed time: 0 seconds

